Removed Pin From Net: NetName=3V3 Pin=C3-1
Removed Pin From Net: NetName=3V3 Pin=C5-1
Removed Pin From Net: NetName=3V3 Pin=IC1-5
Removed Member From Class: ClassName=Debug Member=U3
Removed Member From Class: ClassName=7SEG Member=U4
Change Component Designator: OldDesignator=SW1 NewDesignator=SW2
Added Component: Designator=J2(RES-SMD-0201)
Add component. Clean all parameters for all variants
Added Component: Designator=S1(Screw 3 small)
Add component. Clean all parameters for all variants
Added Component: Designator=S2(Screw 3 small)
Add component. Clean all parameters for all variants
Added Component: Designator=S3(Screw 3 small)
Add component. Clean all parameters for all variants
Added Component: Designator=S4(Screw 3 small)
Add component. Clean all parameters for all variants
Added Component: Designator=SW1(SW-4P-B)
Add component. Clean all parameters for all variants
Add component (AddParameter): Name = "LatestRevisionDate"; Value = "17-Jul-2002"; VariantName = "[No Variations]"
Add component (AddParameter): Name = "LatestRevisionNote"; Value = "Re-released for DXP Platform."; VariantName = "[No Variations]"
Add component (AddParameter): Name = "PackageReference"; Value = "SPST-2"; VariantName = "[No Variations]"
Add component (AddParameter): Name = "Published"; Value = "24-Mar-1999"; VariantName = "[No Variations]"
Add component (AddParameter): Name = "Publisher"; Value = "Altium Limited"; VariantName = "[No Variations]"
Added Pin To Net: NetName=NetC6_1 Pin=J2-1
Added Pin To Net: NetName=GND Pin=J2-2
Added Pin To Net: NetName=3V3 Pin=SW1-2
Added Pin To Net: NetName=NetC3_1 Pin=C3-1
Added Pin To Net: NetName=NetC3_1 Pin=C5-1
Added Pin To Net: NetName=NetC3_1 Pin=IC1-5
Added Pin To Net: NetName=NetC3_1 Pin=SW1-1
Added Net: Name=NetC3_1
Added Member To Class: ClassName=Power Member=Component J1 JP2
Added Member To Class: ClassName=Power Member=Component J2 Jumper2
Added Member To Class: ClassName=Power Member=Component S1 Screw
Added Member To Class: ClassName=Power Member=Component S2 Screw
Added Member To Class: ClassName=Power Member=Component S3 Screw
Added Member To Class: ClassName=Power Member=Component S4 Screw
Added Member To Class: ClassName=Power Member=Component SW1 SW-4P-B
Added Member To Class: ClassName=7SEG Member=Component U3 74HC595
Added Room: Name=7SEG
Added Room: Name=Debug
Added Room: Name=External ADC
Added Room: Name=MCU
Added Room: Name=Power
