Replace Part C1 CapSMD in D:\HUST\Junior\2022-1\TKTBD\hardware\schematic.SchDoc with CapSMD from My Library.SchLib
Replace Part C2 CapSMD in D:\HUST\Junior\2022-1\TKTBD\hardware\schematic.SchDoc with CapSMD from My Library.SchLib
Replace Part C3 CapSMD in D:\HUST\Junior\2022-1\TKTBD\hardware\schematic.SchDoc with CapSMD from My Library.SchLib
Replace Part C4 Header6 in D:\HUST\Junior\2022-1\TKTBD\hardware\schematic.SchDoc with Header6 from My Library.SchLib
Replace Part C5 CapSMD in D:\HUST\Junior\2022-1\TKTBD\hardware\schematic.SchDoc with CapSMD from My Library.SchLib
Replace Part C6 CapSMD in D:\HUST\Junior\2022-1\TKTBD\hardware\schematic.SchDoc with CapSMD from My Library.SchLib
Replace Part C8 CapSMD in D:\HUST\Junior\2022-1\TKTBD\hardware\schematic.SchDoc with CapSMD from My Library.SchLib
Replace Part C9 CapSMD in D:\HUST\Junior\2022-1\TKTBD\hardware\schematic.SchDoc with CapSMD from My Library.SchLib
Replace Part C10 CapSMD in D:\HUST\Junior\2022-1\TKTBD\hardware\schematic.SchDoc with CapSMD from My Library.SchLib
Replace Part C11 CapSMD in D:\HUST\Junior\2022-1\TKTBD\hardware\schematic.SchDoc with CapSMD from My Library.SchLib
Replace Part C12 CapSMD in D:\HUST\Junior\2022-1\TKTBD\hardware\schematic.SchDoc with CapSMD from My Library.SchLib
Replace Part D1 Diode in D:\HUST\Junior\2022-1\TKTBD\hardware\schematic.SchDoc with Diode from My Library.SchLib
Replace Part JDC1 DCIN in D:\HUST\Junior\2022-1\TKTBD\hardware\schematic.SchDoc with DCIN from My Library.SchLib
Replace Part JP1 Con4 in D:\HUST\Junior\2022-1\TKTBD\hardware\schematic.SchDoc with Con4 from My Library.SchLib
Replace Part SW1 SW2 in D:\HUST\Junior\2022-1\TKTBD\hardware\schematic.SchDoc with SW2 from My Library.SchLib
Replace Part T BC857 in D:\HUST\Junior\2022-1\TKTBD\hardware\schematic.SchDoc with BC857 from BC857.IntLib
Replace Part U1 HX711 in D:\HUST\Junior\2022-1\TKTBD\hardware\schematic.SchDoc with HX711 from HX711.IntLib
Replace Part U2 LM1117-ADJ in D:\HUST\Junior\2022-1\TKTBD\hardware\schematic.SchDoc with LM1117-ADJ from My Library.SchLib
Replace Part U3 STM32F103C8T6 in D:\HUST\Junior\2022-1\TKTBD\hardware\schematic.SchDoc with STM32F103C8T6 from STM32F103C8T6.IntLib
Replace Part X1 XT2 in D:\HUST\Junior\2022-1\TKTBD\hardware\schematic.SchDoc with XT2 from My Library.SchLib
